2026-01-16T06:06:29.552Z INFO Is remote: false
2026-01-16T06:06:29.552Z INFO Starting Local. Installation path: /Users/sanskritikhanal/Desktop/merosathi
2026-01-16T06:06:29.553Z INFO [MainProvider] Creating new MainProvider instance...
2026-01-16T06:06:29.553Z INFO [TabsManager] Code view listener set up at initialization
2026-01-16T06:06:29.553Z INFO Installation path exists: /Users/sanskritikhanal/Desktop/merosathi
2026-01-16T06:06:29.554Z INFO Initializing database with URL: file:/Users/sanskritikhanal/Desktop/merosathi/pythagora-core/data/database/pythagora.db
2026-01-16T06:06:29.563Z INFO Database file exists, skipping prisma generate/push for faster startup
2026-01-16T06:06:29.563Z INFO Database initialized successfully
2026-01-16T06:06:29.563Z INFO [Migration] Checking for database migration...
2026-01-16T06:06:29.793Z INFO [Migration] No migration needed
2026-01-16T09:02:38.544Z INFO Closing entire Pythagora extension...
2026-01-16T09:02:38.557Z ERROR Error closing extension
Error: Canceled
Stack: Canceled: Canceled
    at new OU (file:///Users/sanskritikhanal/Desktop/Visual%20Studio%20Code.app/Contents/Resources/app/out/vs/workbench/api/node/extensionHostProcess.js:29:120707)
    at AE.U (file:///Users/sanskritikhanal/Desktop/Visual%20Studio%20Code.app/Contents/Resources/app/out/vs/workbench/api/node/extensionHostProcess.js:29:125317)
    at Proxy.s.<computed>.n.charCodeAt.s.<computed> (file:///Users/sanskritikhanal/Desktop/Visual%20Studio%20Code.app/Contents/Resources/app/out/vs/workbench/api/node/extensionHostProcess.js:29:122811)
    at mA.g (file:///Users/sanskritikhanal/Desktop/Visual%20Studio%20Code.app/Contents/Resources/app/out/vs/workbench/api/node/extensionHostProcess.js:116:41231)
    at mA.executeCommand (file:///Users/sanskritikhanal/Desktop/Visual%20Studio%20Code.app/Contents/Resources/app/out/vs/workbench/api/node/extensionHostProcess.js:116:40735)
    at Object.executeCommand (file:///Users/sanskritikhanal/Desktop/Visual%20Studio%20Code.app/Contents/Resources/app/out/vs/workbench/api/node/extensionHostProcess.js:213:102115)
    at closeEntirePythagoraExtension (/Users/sanskritikhanal/.vscode/extensions/pythagoratechnologies.pythagora-vs-code-2.6.19/out/extension.js:542:31)
    at Object.deactivate (/Users/sanskritikhanal/.vscode/extensions/pythagoratechnologies.pythagora-vs-code-2.6.19/out/extension.js:409:15)
    at kK.eb (file:///Users/sanskritikhanal/Desktop/Visual%20Studio%20Code.app/Contents/Resources/app/out/vs/workbench/api/node/extensionHostProcess.js:120:11850)
    at file:///Users/sanskritikhanal/Desktop/Visual%20Studio%20Code.app/Contents/Resources/app/out/vs/workbench/api/node/extensionHostProcess.js:120:10000
    at Array.map (<anonymous>)
    at kK.$ (file:///Users/sanskritikhanal/Desktop/Visual%20Studio%20Code.app/Contents/Resources/app/out/vs/workbench/api/node/extensionHostProcess.js:120:9988)
    at kK.terminate (file:///Users/sanskritikhanal/Desktop/Visual%20Studio%20Code.app/Contents/Resources/app/out/vs/workbench/api/node/extensionHostProcess.js:120:10231)
    at UM.terminate (file:///Users/sanskritikhanal/Desktop/Visual%20Studio%20Code.app/Contents/Resources/app/out/vs/workbench/api/node/extensionHostProcess.js:122:914)
    at _s (file:///Users/sanskritikhanal/Desktop/Visual%20Studio%20Code.app/Contents/Resources/app/out/vs/workbench/api/node/extensionHostProcess.js:405:11135)
    at MessagePortMain.<anonymous> (file:///Users/sanskritikhanal/Desktop/Visual%20Studio%20Code.app/Contents/Resources/app/out/vs/workbench/api/node/extensionHostProcess.js:405:7610)
    at MessagePortMain.emit (node:events:519:28)
    at Object.MessagePortMain._internalPort.emit (node:electron/js2c/utility_init:2:2959)
Extra context: {
  "message": "Canceled"
}
2026-01-16T11:16:52.851Z INFO Is remote: false
2026-01-16T11:16:52.852Z INFO Starting Local. Installation path: /Users/sanskritikhanal/Desktop/merosathi
2026-01-16T11:16:52.852Z INFO [MainProvider] Creating new MainProvider instance...
2026-01-16T11:16:52.852Z INFO [TabsManager] Code view listener set up at initialization
2026-01-16T11:16:52.853Z INFO Installation path exists: /Users/sanskritikhanal/Desktop/merosathi
2026-01-16T11:16:52.853Z INFO Initializing database with URL: file:/Users/sanskritikhanal/Desktop/merosathi/pythagora-core/data/database/pythagora.db
2026-01-16T11:16:52.855Z INFO Database file exists, skipping prisma generate/push for faster startup
2026-01-16T11:16:52.855Z INFO Database initialized successfully
2026-01-16T11:16:52.855Z INFO [Migration] Checking for database migration...
2026-01-16T11:16:52.977Z INFO [Migration] No migration needed
2026-01-16T11:16:59.175Z INFO Closing entire Pythagora extension...
2026-01-16T11:16:59.179Z ERROR Error closing extension
Error: Canceled
Stack: Canceled: Canceled
    at new OU (file:///Users/sanskritikhanal/Desktop/Visual%20Studio%20Code.app/Contents/Resources/app/out/vs/workbench/api/node/extensionHostProcess.js:29:120707)
    at AE.U (file:///Users/sanskritikhanal/Desktop/Visual%20Studio%20Code.app/Contents/Resources/app/out/vs/workbench/api/node/extensionHostProcess.js:29:125317)
    at Proxy.s.<computed>.n.charCodeAt.s.<computed> (file:///Users/sanskritikhanal/Desktop/Visual%20Studio%20Code.app/Contents/Resources/app/out/vs/workbench/api/node/extensionHostProcess.js:29:122811)
    at mA.g (file:///Users/sanskritikhanal/Desktop/Visual%20Studio%20Code.app/Contents/Resources/app/out/vs/workbench/api/node/extensionHostProcess.js:116:41231)
    at mA.executeCommand (file:///Users/sanskritikhanal/Desktop/Visual%20Studio%20Code.app/Contents/Resources/app/out/vs/workbench/api/node/extensionHostProcess.js:116:40735)
    at Object.executeCommand (file:///Users/sanskritikhanal/Desktop/Visual%20Studio%20Code.app/Contents/Resources/app/out/vs/workbench/api/node/extensionHostProcess.js:213:102115)
    at closeEntirePythagoraExtension (/Users/sanskritikhanal/.vscode/extensions/pythagoratechnologies.pythagora-vs-code-2.6.19/out/extension.js:542:31)
    at Object.deactivate (/Users/sanskritikhanal/.vscode/extensions/pythagoratechnologies.pythagora-vs-code-2.6.19/out/extension.js:409:15)
    at kK.eb (file:///Users/sanskritikhanal/Desktop/Visual%20Studio%20Code.app/Contents/Resources/app/out/vs/workbench/api/node/extensionHostProcess.js:120:11850)
    at file:///Users/sanskritikhanal/Desktop/Visual%20Studio%20Code.app/Contents/Resources/app/out/vs/workbench/api/node/extensionHostProcess.js:120:10000
    at Array.map (<anonymous>)
    at kK.$ (file:///Users/sanskritikhanal/Desktop/Visual%20Studio%20Code.app/Contents/Resources/app/out/vs/workbench/api/node/extensionHostProcess.js:120:9988)
    at kK.terminate (file:///Users/sanskritikhanal/Desktop/Visual%20Studio%20Code.app/Contents/Resources/app/out/vs/workbench/api/node/extensionHostProcess.js:120:10231)
    at UM.terminate (file:///Users/sanskritikhanal/Desktop/Visual%20Studio%20Code.app/Contents/Resources/app/out/vs/workbench/api/node/extensionHostProcess.js:122:914)
    at _s (file:///Users/sanskritikhanal/Desktop/Visual%20Studio%20Code.app/Contents/Resources/app/out/vs/workbench/api/node/extensionHostProcess.js:405:11135)
    at MessagePortMain.<anonymous> (file:///Users/sanskritikhanal/Desktop/Visual%20Studio%20Code.app/Contents/Resources/app/out/vs/workbench/api/node/extensionHostProcess.js:405:7610)
    at MessagePortMain.emit (node:events:519:28)
    at Object.MessagePortMain._internalPort.emit (node:electron/js2c/utility_init:2:2959)
Extra context: {
  "message": "Canceled"
}
